27-06-2020 03:05:51.117 [restartedMain] INFO  com.example.user.UserApplication.logStartupProfileInfo - No active profile set, falling back to default profiles: default
27-06-2020 03:06:01.050 [restartedMain] INFO  com.example.user.UserApplication.logStarted - Started UserApplication in 11.549 seconds (JVM running for 13.573)
27-06-2020 03:06:08.031 [http-nio-8083-exec-1] ERROR c.e.u.c.RegistrationController.sendVerificationMail - Exception occured while trying to send mail via deployed email service, exception: java.lang.IllegalStateException: No instances available for fine-email-service.herokuapp.com
27-06-2020 03:06:08.032 [http-nio-8083-exec-1] WARN  c.e.u.c.RegistrationController.register - Registered new user with username - Ivana192
27-06-2020 03:08:48.078 [restartedMain] INFO  com.example.user.UserApplication.logStartupProfileInfo - No active profile set, falling back to default profiles: default
27-06-2020 03:08:57.151 [restartedMain] INFO  com.example.user.UserApplication.logStarted - Started UserApplication in 10.888 seconds (JVM running for 12.773)
27-06-2020 03:09:07.488 [http-nio-8083-exec-1] ERROR c.e.u.c.RegistrationController.register - Exception occured while registering new user, exception: java.lang.IllegalStateException: No instances available for fine-email-service.herokuapp.com
27-06-2020 03:10:31.946 [restartedMain] INFO  com.example.user.UserApplication.logStartupProfileInfo - No active profile set, falling back to default profiles: default
27-06-2020 03:10:41.893 [restartedMain] INFO  com.example.user.UserApplication.logStarted - Started UserApplication in 11.686 seconds (JVM running for 13.516)
27-06-2020 03:11:17.449 [restartedMain] INFO  com.example.user.UserApplication.logStartupProfileInfo - No active profile set, falling back to default profiles: default
27-06-2020 03:11:26.159 [restartedMain] INFO  com.example.user.UserApplication.logStarted - Started UserApplication in 10.293 seconds (JVM running for 12.071)
27-06-2020 03:23:58.564 [restartedMain] INFO  com.example.user.UserApplication.logStartupProfileInfo - No active profile set, falling back to default profiles: default
27-06-2020 03:24:07.397 [restartedMain] INFO  com.example.user.UserApplication.logStarted - Started UserApplication in 10.562 seconds (JVM running for 12.263)
27-06-2020 03:26:01.558 [restartedMain] INFO  com.example.user.UserApplication.logStartupProfileInfo - No active profile set, falling back to default profiles: default
27-06-2020 03:26:10.570 [restartedMain] INFO  com.example.user.UserApplication.logStarted - Started UserApplication in 10.622 seconds (JVM running for 12.32)
27-06-2020 03:26:29.825 [http-nio-8083-exec-1] WARN  c.e.u.c.RegistrationController.sendVerificationMail - Verification email successfully sent to: ivanabrkic192@gmail.com.
27-06-2020 03:26:29.828 [http-nio-8083-exec-1] WARN  c.e.u.c.RegistrationController.register - Registered new user with username - Ivana192
27-06-2020 03:28:16.944 [http-nio-8083-exec-4] INFO  c.e.u.c.VerificationController.confirmVerification - User with username - Ivana192 successfully verified.
27-06-2020 05:07:33.452 [restartedMain] INFO  com.example.user.UserApplication.logStartupProfileInfo - No active profile set, falling back to default profiles: default
27-06-2020 05:07:45.570 [restartedMain] INFO  com.example.user.UserApplication.logStarted - Started UserApplication in 15.149 seconds (JVM running for 17.529)
27-06-2020 05:14:33.472 [restartedMain] INFO  com.example.user.UserApplication.logStartupProfileInfo - No active profile set, falling back to default profiles: default
27-06-2020 05:14:43.136 [restartedMain] INFO  com.example.user.UserApplication.logStarted - Started UserApplication in 11.52 seconds (JVM running for 13.771)
27-06-2020 05:17:04.823 [restartedMain] INFO  com.example.user.UserApplication.logStartupProfileInfo - No active profile set, falling back to default profiles: default
27-06-2020 05:17:14.614 [restartedMain] INFO  com.example.user.UserApplication.logStarted - Started UserApplication in 11.428 seconds (JVM running for 13.67)
27-06-2020 05:17:32.161 [http-nio-8083-exec-2] ERROR com.example.user.service.UserService.loginTest - Exception occured: org.springframework.orm.jpa.JpaSystemException: Null value was assigned to a property [class com.example.user.model.User.verified] of primitive type setter of com.example.user.model.User.verified; nested exception is org.hibernate.PropertyAccessException: Null value was assigned to a property [class com.example.user.model.User.verified] of primitive type setter of com.example.user.model.User.verified
27-06-2020 05:18:39.348 [http-nio-8083-exec-3] ERROR com.example.user.service.UserService.loginTest - Exception occured: org.springframework.orm.jpa.JpaSystemException: Null value was assigned to a property [class com.example.user.model.User.verified] of primitive type setter of com.example.user.model.User.verified; nested exception is org.hibernate.PropertyAccessException: Null value was assigned to a property [class com.example.user.model.User.verified] of primitive type setter of com.example.user.model.User.verified
27-06-2020 05:19:26.945 [http-nio-8083-exec-4] ERROR com.example.user.service.UserService.loginTest - Exception occured: org.springframework.orm.jpa.JpaSystemException: Null value was assigned to a property [class com.example.user.model.User.verified] of primitive type setter of com.example.user.model.User.verified; nested exception is org.hibernate.PropertyAccessException: Null value was assigned to a property [class com.example.user.model.User.verified] of primitive type setter of com.example.user.model.User.verified
27-06-2020 05:19:59.489 [restartedMain] INFO  com.example.user.UserApplication.logStartupProfileInfo - No active profile set, falling back to default profiles: default
27-06-2020 05:20:09.239 [restartedMain] INFO  com.example.user.UserApplication.logStarted - Started UserApplication in 11.433 seconds (JVM running for 15.086)
27-06-2020 05:20:49.920 [http-nio-8083-exec-1] ERROR com.example.user.service.UserService.loginTest - Exception occured: org.springframework.orm.jpa.JpaSystemException: Null value was assigned to a property [class com.example.user.model.User.verified] of primitive type setter of com.example.user.model.User.verified; nested exception is org.hibernate.PropertyAccessException: Null value was assigned to a property [class com.example.user.model.User.verified] of primitive type setter of com.example.user.model.User.verified
27-06-2020 05:23:13.332 [restartedMain] INFO  com.example.user.UserApplication.logStartupProfileInfo - No active profile set, falling back to default profiles: default
27-06-2020 05:23:22.777 [restartedMain] INFO  com.example.user.UserApplication.logStarted - Started UserApplication in 11.374 seconds (JVM running for 13.324)
27-06-2020 05:23:41.299 [http-nio-8083-exec-1] ERROR com.example.user.service.UserService.loginTest - User is not null User{id=4, username='user', password='user', userDetails=UserDetails{fullName='Milan Lukic', address='Adresa 4', businessNum='null', vehicleNum='2', userType=END_USER, privilegeList=null}}
